<?xml version="1.0" encoding="UTF-8"?>
<!-- Generated by org.testng.reporters.JUnitReportReporter -->
<testsuite hostname="Sameer7878" failures="0" tests="1" name="SumValidation" time="1.347" errors="0" timestamp="2025-06-24T21:47:55 IST" skipped="0">
  <testcase classname="SumValidation" name="sumOfCourses" time="1.347"/>
</testsuite> <!-- SumValidation -->
