<?xml version="1.0" encoding="UTF-8"?>
<!-- Generated by org.testng.reporters.JUnitReportReporter -->
<testsuite hostname="Sameer7878" failures="0" tests="3" name="files.DynamicJson" time="2.659" errors="0" timestamp="2025-06-25T21:28:24 IST" skipped="0">
  <testcase classname="files.DynamicJson" name="addBook" time="0.157"/>
  <testcase classname="files.DynamicJson" name="addBook" time="0.139"/>
  <testcase classname="files.DynamicJson" name="addBook" time="2.363"/>
</testsuite> <!-- files.DynamicJson -->
